[2024-7-31T16:07:20Z] [org.springframework.boot.StartupInfoLogger] [restartedMain] [50] [INFO ] Starting LmsSystemApplication using Java 22.0.1 with PID 13640 (C:\Users\ptlam3\IdeaProjects\repo\lms_system\lms_system_server\target\classes started by ptlam3 in C:\Users\ptlam3\IdeaProjects\repo\lms_system)
[2024-7-31T16:07:20Z] [org.springframework.boot.SpringApplication] [restartedMain] [654] [INFO ] No active profile set, falling back to 1 default profile: "default"
[2024-7-31T16:07:20Z] [org.springframework.data.repository.config.RepositoryConfigurationDelegate] [restartedMain] [295] [INFO ] Multiple Spring Data modules found, entering strict repository configuration mode
[2024-7-31T16:07:20Z] [org.springframework.data.repository.config.RepositoryConfigurationDelegate] [restartedMain] [143] [INFO ] Bootstrapping Spring Data JPA repositories in DEFAULT mode.
[2024-7-31T16:07:20Z] [org.springframework.data.repository.config.RepositoryConfigurationDelegate] [restartedMain] [211] [INFO ] Finished Spring Data repository scanning in 35 ms. Found 9 JPA repository interfaces.
[2024-7-31T16:07:20Z] [org.springframework.data.repository.config.RepositoryConfigurationDelegate] [restartedMain] [295] [INFO ] Multiple Spring Data modules found, entering strict repository configuration mode
[2024-7-31T16:07:20Z] [org.springframework.data.repository.config.RepositoryConfigurationDelegate] [restartedMain] [143] [INFO ] Bootstrapping Spring Data Redis repositories in DEFAULT mode.
[2024-7-31T16:07:20Z] [org.springframework.data.repository.config.RepositoryConfigurationExtensionSupport] [restartedMain] [320] [INFO ] Spring Data Redis - Could not safely identify store assignment for repository candidate interface com.example.lms_system.repository.AttendanceRepository; If you want this repository to be a Redis repository, consider annotating your entities with one of these annotations: org.springframework.data.redis.core.RedisHash (preferred), or consider extending one of the following types with your repository: org.springframework.data.keyvalue.repository.KeyValueRepository
[2024-7-31T16:07:20Z] [org.springframework.data.repository.config.RepositoryConfigurationExtensionSupport] [restartedMain] [320] [INFO ] Spring Data Redis - Could not safely identify store assignment for repository candidate interface com.example.lms_system.repository.CourseRepository; If you want this repository to be a Redis repository, consider annotating your entities with one of these annotations: org.springframework.data.redis.core.RedisHash (preferred), or consider extending one of the following types with your repository: org.springframework.data.keyvalue.repository.KeyValueRepository
[2024-7-31T16:07:20Z] [org.springframework.data.repository.config.RepositoryConfigurationExtensionSupport] [restartedMain] [320] [INFO ] Spring Data Redis - Could not safely identify store assignment for repository candidate interface com.example.lms_system.repository.CourseStudentRepository; If you want this repository to be a Redis repository, consider annotating your entities with one of these annotations: org.springframework.data.redis.core.RedisHash (preferred), or consider extending one of the following types with your repository: org.springframework.data.keyvalue.repository.KeyValueRepository
[2024-7-31T16:07:20Z] [org.springframework.data.repository.config.RepositoryConfigurationExtensionSupport] [restartedMain] [320] [INFO ] Spring Data Redis - Could not safely identify store assignment for repository candidate interface com.example.lms_system.repository.RoomRepository; If you want this repository to be a Redis repository, consider annotating your entities with one of these annotations: org.springframework.data.redis.core.RedisHash (preferred), or consider extending one of the following types with your repository: org.springframework.data.keyvalue.repository.KeyValueRepository
[2024-7-31T16:07:20Z] [org.springframework.data.repository.config.RepositoryConfigurationExtensionSupport] [restartedMain] [320] [INFO ] Spring Data Redis - Could not safely identify store assignment for repository candidate interface com.example.lms_system.repository.ScheduleRepository; If you want this repository to be a Redis repository, consider annotating your entities with one of these annotations: org.springframework.data.redis.core.RedisHash (preferred), or consider extending one of the following types with your repository: org.springframework.data.keyvalue.repository.KeyValueRepository
[2024-7-31T16:07:20Z] [org.springframework.data.repository.config.RepositoryConfigurationExtensionSupport] [restartedMain] [320] [INFO ] Spring Data Redis - Could not safely identify store assignment for repository candidate interface com.example.lms_system.repository.SemesterRepository; If you want this repository to be a Redis repository, consider annotating your entities with one of these annotations: org.springframework.data.redis.core.RedisHash (preferred), or consider extending one of the following types with your repository: org.springframework.data.keyvalue.repository.KeyValueRepository
[2024-7-31T16:07:20Z] [org.springframework.data.repository.config.RepositoryConfigurationExtensionSupport] [restartedMain] [320] [INFO ] Spring Data Redis - Could not safely identify store assignment for repository candidate interface com.example.lms_system.repository.SlotRepository; If you want this repository to be a Redis repository, consider annotating your entities with one of these annotations: org.springframework.data.redis.core.RedisHash (preferred), or consider extending one of the following types with your repository: org.springframework.data.keyvalue.repository.KeyValueRepository
[2024-7-31T16:07:20Z] [org.springframework.data.repository.config.RepositoryConfigurationExtensionSupport] [restartedMain] [320] [INFO ] Spring Data Redis - Could not safely identify store assignment for repository candidate interface com.example.lms_system.repository.SubjectRepository; If you want this repository to be a Redis repository, consider annotating your entities with one of these annotations: org.springframework.data.redis.core.RedisHash (preferred), or consider extending one of the following types with your repository: org.springframework.data.keyvalue.repository.KeyValueRepository
[2024-7-31T16:07:20Z] [org.springframework.data.repository.config.RepositoryConfigurationExtensionSupport] [restartedMain] [320] [INFO ] Spring Data Redis - Could not safely identify store assignment for repository candidate interface com.example.lms_system.repository.UserRepository; If you want this repository to be a Redis repository, consider annotating your entities with one of these annotations: org.springframework.data.redis.core.RedisHash (preferred), or consider extending one of the following types with your repository: org.springframework.data.keyvalue.repository.KeyValueRepository
[2024-7-31T16:07:20Z] [org.springframework.data.repository.config.RepositoryConfigurationDelegate] [restartedMain] [211] [INFO ] Finished Spring Data repository scanning in 5 ms. Found 0 Redis repository interfaces.
[2024-7-31T16:07:20Z] [org.springframework.cloud.context.scope.GenericScope] [restartedMain] [282] [INFO ] BeanFactory id=a47bdd5c-083a-36fa-8d86-a4e91997c422
[2024-7-31T16:07:21Z] [org.springframework.boot.web.embedded.tomcat.TomcatWebServer] [restartedMain] [111] [INFO ] Tomcat initialized with port 8081 (http)
[2024-7-31T16:07:21Z] [org.apache.juli.logging.DirectJDKLog] [restartedMain] [173] [INFO ] Initializing ProtocolHandler ["http-nio-8081"]
[2024-7-31T16:07:21Z] [org.apache.juli.logging.DirectJDKLog] [restartedMain] [173] [INFO ] Starting service [Tomcat]
[2024-7-31T16:07:21Z] [org.apache.juli.logging.DirectJDKLog] [restartedMain] [173] [INFO ] Starting Servlet engine: [Apache Tomcat/10.1.26]
[2024-7-31T16:07:21Z] [org.apache.juli.logging.DirectJDKLog] [restartedMain] [173] [INFO ] Initializing Spring embedded WebApplicationContext
[2024-7-31T16:07:21Z] [org.springframework.boot.web.servlet.context.ServletWebServerApplicationContext] [restartedMain] [296] [INFO ] Root WebApplicationContext: initialization completed in 884 ms
[2024-7-31T16:07:21Z] [org.hibernate.jpa.internal.util.LogHelper] [restartedMain] [31] [INFO ] HHH000204: Processing PersistenceUnitInfo [name: default]
[2024-7-31T16:07:21Z] [org.hibernate.cache.internal.RegionFactoryInitiator] [restartedMain] [50] [INFO ] HHH000026: Second-level cache disabled
[2024-7-31T16:07:21Z] [org.springframework.orm.jpa.persistenceunit.SpringPersistenceUnitInfo] [restartedMain] [87] [INFO ] No LoadTimeWeaver setup: ignoring JPA class transformer
[2024-7-31T16:07:21Z] [com.zaxxer.hikari.HikariDataSource] [restartedMain] [109] [INFO ] HikariPool-2 - Starting...
[2024-7-31T16:07:21Z] [com.zaxxer.hikari.pool.HikariPool] [restartedMain] [554] [INFO ] HikariPool-2 - Added connection org.postgresql.jdbc.PgConnection@47db9208
[2024-7-31T16:07:21Z] [com.zaxxer.hikari.HikariDataSource] [restartedMain] [122] [INFO ] HikariPool-2 - Start completed.
[2024-7-31T16:07:21Z] [org.hibernate.engine.jdbc.dialect.internal.DialectFactoryImpl] [restartedMain] [153] [WARN ] HHH90000025: PostgreSQLDialect does not need to be specified explicitly using 'hibernate.dialect' (remove the property setting and it will be selected by default)
[2024-7-31T16:07:21Z] [org.hibernate.engine.transaction.jta.platform.internal.JtaPlatformInitiator] [restartedMain] [59] [INFO ] HHH000489: No JTA platform available (set 'hibernate.transaction.jta.platform' to enable JTA platform integration)
[2024-7-31T16:07:22Z] [org.springframework.orm.jpa.AbstractEntityManagerFactoryBean] [restartedMain] [437] [INFO ] Initialized JPA EntityManagerFactory for persistence unit 'default'
[2024-7-31T16:07:22Z] [org.springframework.boot.autoconfigure.orm.jpa.JpaBaseConfiguration$JpaWebConfiguration] [restartedMain] [236] [WARN ] spring.jpa.open-in-view is enabled by default. Therefore, database queries may be performed during view rendering. Explicitly configure spring.jpa.open-in-view to disable this warning
[2024-7-31T16:07:22Z] [org.springframework.boot.devtools.autoconfigure.OptionalLiveReloadServer] [restartedMain] [59] [INFO ] LiveReload server is running on port 35729
[2024-7-31T16:07:23Z] [org.springframework.boot.actuate.endpoint.web.EndpointLinksResolver] [restartedMain] [60] [INFO ] Exposing 1 endpoint beneath base path '/actuator'
[2024-7-31T16:07:24Z] [org.apache.juli.logging.DirectJDKLog] [restartedMain] [173] [INFO ] Starting ProtocolHandler ["http-nio-8081"]
[2024-7-31T16:07:24Z] [org.springframework.boot.web.embedded.tomcat.TomcatWebServer] [restartedMain] [243] [INFO ] Tomcat started on port 8081 (http) with context path '/lms'
[2024-7-31T16:07:24Z] [org.springframework.boot.StartupInfoLogger] [restartedMain] [56] [INFO ] Started LmsSystemApplication in 4.066 seconds (process running for 506.007)
[2024-7-31T16:07:24Z] [com.example.lms_system.configuration.AuthenticationRequestInterceptor] [restartedMain] [19] [WARN ] No request attributes found
[2024-7-31T16:07:24Z] [com.example.lms_system.configuration.AuthenticationRequestInterceptor] [restartedMain] [19] [WARN ] No request attributes found
[2024-7-31T16:07:24Z] [com.example.lms_system.configuration.AuthenticationRequestInterceptor] [restartedMain] [19] [WARN ] No request attributes found
[2024-7-31T16:07:24Z] [com.example.lms_system.configuration.AuthenticationRequestInterceptor] [restartedMain] [19] [WARN ] No request attributes found
[2024-7-31T16:07:24Z] [org.apache.juli.logging.DirectJDKLog] [http-nio-8081-exec-1] [173] [INFO ] Initializing Spring DispatcherServlet 'dispatcherServlet'
[2024-7-31T16:07:24Z] [org.springframework.web.servlet.FrameworkServlet] [http-nio-8081-exec-1] [532] [INFO ] Initializing Servlet 'dispatcherServlet'
[2024-7-31T16:07:24Z] [org.springframework.web.servlet.FrameworkServlet] [http-nio-8081-exec-1] [554] [INFO ] Completed initialization in 2 ms
[2024-7-31T16:08:24Z] [com.example.lms_system.configuration.AuthenticationRequestInterceptor] [restartedMain] [19] [WARN ] No request attributes found
[2024-7-31T16:08:24Z] [com.example.lms_system.configuration.AuthenticationRequestInterceptor] [restartedMain] [19] [WARN ] No request attributes found
[2024-7-31T16:08:59Z] [org.springframework.orm.jpa.AbstractEntityManagerFactoryBean] [SpringApplicationShutdownHook] [650] [INFO ] Closing JPA EntityManagerFactory for persistence unit 'default'
[2024-7-31T16:08:59Z] [com.zaxxer.hikari.HikariDataSource] [SpringApplicationShutdownHook] [349] [INFO ] HikariPool-2 - Shutdown initiated...
[2024-7-31T16:08:59Z] [com.zaxxer.hikari.HikariDataSource] [SpringApplicationShutdownHook] [351] [INFO ] HikariPool-2 - Shutdown completed.
